| 20.03.24 02:45:33 | Старт программы |
| 20.03.24 02:45:33 | ================================ |
| 20.03.24 02:45:33 | ---Старт считывания координат из файла--- |
| 20.03.24 02:45:33 | =============================== |
| 20.03.24 02:45:33 | ---Старт пересчета координат--- |
| 20.03.24 02:45:33 | Градус: 44. Пересчет: 44.0 |
| 20.03.24 02:45:33 | Минута: 18. Пересчет: 44.3 |
| 20.03.24 02:45:33 | Секунда: 22.81. Пересчет: 0.0005555555555555556 |
| 20.03.24 02:45:33 | ---Конец пересчета координат--- |
| 20.03.24 02:45:33 | ================================ |
| 20.03.24 02:45:33 | ---Старт пересчета координат--- |
| 20.03.24 02:45:33 | Градус: 38. Пересчет: 38.0 |
| 20.03.24 02:45:33 | Минута: 35. Пересчет: 38.583333333333336 |
| 20.03.24 02:45:33 | Секунда: 27.23. Пересчет: 0.0005555555555555556 |
| 20.03.24 02:45:33 | ---Конец пересчета координат--- |
| 20.03.24 02:45:33 | ================================ |
| 20.03.24 02:45:33 | ---Старт пересчета координат--- |
| 20.03.24 02:45:33 | Градус: 44. Пересчет: 44.0 |
| 20.03.24 02:45:33 | Минута: 18. Пересчет: 44.3 |
| 20.03.24 02:45:33 | Секунда: 12.75. Пересчет: 0.0002777777777777778 |
| 20.03.24 02:45:33 | ---Конец пересчета координат--- |
| 20.03.24 02:45:33 | ================================ |
| 20.03.24 02:45:33 | ---Старт пересчета координат--- |
| 20.03.24 02:45:33 | Градус: 38. Пересчет: 38.0 |
| 20.03.24 02:45:33 | Минута: 35. Пересчет: 38.583333333333336 |
| 20.03.24 02:45:33 | Секунда: 50.4. Пересчет: 0.001388888888888889 |
| 20.03.24 02:45:33 | ---Конец пересчета координат--- |
| 20.03.24 02:45:33 | ================================ |
| 20.03.24 02:45:33 | ---Старт пересчета координат--- |
| 20.03.24 02:45:33 | Градус: 44. Пересчет: 44.0 |
| 20.03.24 02:45:33 | Минута: 18. Пересчет: 44.3 |
| 20.03.24 02:45:33 | Секунда: 35.41. Пересчет: 0.0008333333333333334 |
| 20.03.24 02:45:33 | ---Конец пересчета координат--- |
| 20.03.24 02:45:33 | ================================ |
| 20.03.24 02:45:33 | ---Старт пересчета координат--- |
| 20.03.24 02:45:33 | Градус: 38. Пересчет: 38.0 |
| 20.03.24 02:45:33 | Минута: 36. Пересчет: 38.6 |
| 20.03.24 02:45:33 | Секунда: 11.41. Пересчет: 0.0002777777777777778 |
| 20.03.24 02:45:33 | ---Конец пересчета координат--- |
| 20.03.24 02:45:33 | ================================ |
| 20.03.24 02:45:33 | ---Старт пересчета координат--- |
| 20.03.24 02:45:33 | Градус: 44. Пересчет: 44.0 |
| 20.03.24 02:45:33 | Минута: 18. Пересчет: 44.3 |
| 20.03.24 02:45:33 | Секунда: 45.36. Пересчет: 0.0011111111111111111 |
| 20.03.24 02:45:33 | ---Конец пересчета координат--- |
| 20.03.24 02:45:33 | ================================ |
| 20.03.24 02:45:33 | ---Старт пересчета координат--- |
| 20.03.24 02:45:33 | Градус: 38. Пересчет: 38.0 |
| 20.03.24 02:45:33 | Минута: 35. Пересчет: 38.583333333333336 |
| 20.03.24 02:45:33 | Секунда: 48.39. Пересчет: 0.0011111111111111111 |
| 20.03.24 02:45:33 | ---Конец пересчета координат--- |
| 20.03.24 02:45:33 | ================================ |
| 20.03.24 02:45:33 | Элемент: 1, широта: 44.30633611111111 |
| 20.03.24 02:45:33 | Элемент: 2, широта: 44.30354166666666 |
| 20.03.24 02:45:33 | Элемент: 3, широта: 44.30983611111111 |
| 20.03.24 02:45:33 | Элемент: 4, широта: 44.312599999999996 |
| 20.03.24 02:45:33 | ---Старт пересчета координат--- |
| 20.03.24 02:45:33 | Градус: 44. Пересчет: 44.0 |
| 20.03.24 02:45:33 | Минута: 17. Пересчет: 44.28333333333333 |
| 20.03.24 02:45:33 | Секунда: 48.64. Пересчет: 0.0011111111111111111 |
| 20.03.24 02:45:33 | ---Конец пересчета координат--- |
| 20.03.24 02:45:33 | ================================ |
| 20.03.24 02:45:33 | ---Старт пересчета координат--- |
| 20.03.24 02:45:33 | Градус: 38. Пересчет: 38.0 |
| 20.03.24 02:45:33 | Минута: 36. Пересчет: 38.6 |
| 20.03.24 02:45:33 | Секунда: 49.11. Пересчет: 0.0011111111111111111 |
| 20.03.24 02:45:33 | ---Конец пересчета координат--- |
| 20.03.24 02:45:33 | ================================ |
| 20.03.24 02:45:33 | ---Старт пересчета координат--- |
| 20.03.24 02:45:33 | Градус: 44. Пересчет: 44.0 |
| 20.03.24 02:45:33 | Минута: 17. Пересчет: 44.28333333333333 |
| 20.03.24 02:45:33 | Секунда: 38.58. Пересчет: 0.0008333333333333334 |
| 20.03.24 02:45:33 | ---Конец пересчета координат--- |
| 20.03.24 02:45:33 | ================================ |
| 20.03.24 02:45:33 | ---Старт пересчета координат--- |
| 20.03.24 02:45:33 | Градус: 38. Пересчет: 38.0 |
| 20.03.24 02:45:33 | Минута: 37. Пересчет: 38.61666666666667 |
| 20.03.24 02:45:33 | Секунда: 11.59. Пересчет: 0.0002777777777777778 |
| 20.03.24 02:45:33 | ---Конец пересчета координат--- |
| 20.03.24 02:45:33 | ================================ |
| 20.03.24 02:45:33 | ---Старт пересчета координат--- |
| 20.03.24 02:45:33 | Градус: 44. Пересчет: 44.0 |
| 20.03.24 02:45:33 | Минута: 18. Пересчет: 44.3 |
| 20.03.24 02:45:33 | Секунда: 0.69. Пересчет: 0.0 |
| 20.03.24 02:45:33 | ---Конец пересчета координат--- |
| 20.03.24 02:45:33 | ================================ |
| 20.03.24 02:45:33 | ---Старт пересчета координат--- |
| 20.03.24 02:45:33 | Градус: 38. Пересчет: 38.0 |
| 20.03.24 02:45:33 | Минута: 37. Пересчет: 38.61666666666667 |
| 20.03.24 02:45:33 | Секунда: 33.14. Пересчет: 0.0008333333333333334 |
| 20.03.24 02:45:33 | ---Конец пересчета координат--- |
| 20.03.24 02:45:33 | ================================ |
| 20.03.24 02:45:33 | ---Старт пересчета координат--- |
| 20.03.24 02:45:33 | Градус: 44. Пересчет: 44.0 |
| 20.03.24 02:45:33 | Минута: 18. Пересчет: 44.3 |
| 20.03.24 02:45:33 | Секунда: 11.03. Пересчет: 0.0002777777777777778 |
| 20.03.24 02:45:33 | ---Конец пересчета координат--- |
| 20.03.24 02:45:33 | ================================ |
| 20.03.24 02:45:33 | ---Старт пересчета координат--- |
| 20.03.24 02:45:33 | Градус: 38. Пересчет: 38.0 |
| 20.03.24 02:45:33 | Минута: 37. Пересчет: 38.61666666666667 |
| 20.03.24 02:45:33 | Секунда: 10.44. Пересчет: 0.0002777777777777778 |
| 20.03.24 02:45:33 | ---Конец пересчета координат--- |
| 20.03.24 02:45:33 | ================================ |
| 20.03.24 02:45:33 | Элемент: 1, широта: 44.296844444444446 |
| 20.03.24 02:45:33 | Элемент: 2, широта: 44.29405 |
| 20.03.24 02:45:33 | Элемент: 3, широта: 44.30019166666666 |
| 20.03.24 02:45:33 | Элемент: 4, широта: 44.303063888888886 |
| 20.03.24 02:45:33 | ---Старт пересчета координат--- |
| 20.03.24 02:45:33 | Градус: 44. Пересчет: 44.0 |
| 20.03.24 02:45:33 | Минута: 17. Пересчет: 44.28333333333333 |
| 20.03.24 02:45:33 | Секунда: 21.57. Пересчет: 0.0005555555555555556 |
| 20.03.24 02:45:33 | ---Конец пересчета координат--- |
| 20.03.24 02:45:33 | ================================ |
| 20.03.24 02:45:33 | ---Старт пересчета координат--- |
| 20.03.24 02:45:33 | Градус: 38. Пересчет: 38.0 |
| 20.03.24 02:45:33 | Минута: 38. Пересчет: 38.63333333333333 |
| 20.03.24 02:45:33 | Секунда: 17.39. Пересчет: 0.0002777777777777778 |
| 20.03.24 02:45:33 | ---Конец пересчета координат--- |
| 20.03.24 02:45:33 | ================================ |
| 20.03.24 02:45:33 | ---Старт пересчета координат--- |
| 20.03.24 02:45:33 | Градус: 44. Пересчет: 44.0 |
| 20.03.24 02:45:33 | Минута: 17. Пересчет: 44.28333333333333 |
| 20.03.24 02:45:33 | Секунда: 10.73. Пересчет: 0.0002777777777777778 |
| 20.03.24 02:45:33 | ---Конец пересчета координат--- |
| 20.03.24 02:45:33 | ================================ |
| 20.03.24 02:45:33 | ---Старт пересчета координат--- |
| 20.03.24 02:45:33 | Градус: 38. Пересчет: 38.0 |
| 20.03.24 02:45:33 | Минута: 38. Пересчет: 38.63333333333333 |
| 20.03.24 02:45:33 | Секунда: 40.52. Пересчет: 0.0011111111111111111 |
| 20.03.24 02:45:33 | ---Конец пересчета координат--- |
| 20.03.24 02:45:33 | ================================ |
| 20.03.24 02:45:33 | ---Старт пересчета координат--- |
| 20.03.24 02:45:33 | Градус: 44. Пересчет: 44.0 |
| 20.03.24 02:45:33 | Минута: 17. Пересчет: 44.28333333333333 |
| 20.03.24 02:45:33 | Секунда: 32.57. Пересчет: 0.0008333333333333334 |
| 20.03.24 02:45:33 | ---Конец пересчета координат--- |
| 20.03.24 02:45:33 | ================================ |
| 20.03.24 02:45:33 | ---Старт пересчета координат--- |
| 20.03.24 02:45:33 | Градус: 38. Пересчет: 38.0 |
| 20.03.24 02:45:33 | Минута: 39. Пересчет: 38.65 |
| 20.03.24 02:45:33 | Секунда: 2.99. Пересчет: 0.0005555555555555556 |
| 20.03.24 02:45:33 | ---Конец пересчета координат--- |
| 20.03.24 02:45:33 | ================================ |
| 20.03.24 02:45:33 | ---Старт пересчета координат--- |
| 20.03.24 02:45:33 | Градус: 44. Пересчет: 44.0 |
| 20.03.24 02:45:33 | Минута: 17. Пересчет: 44.28333333333333 |
| 20.03.24 02:45:33 | Секунда: 42.96. Пересчет: 0.0011111111111111111 |
| 20.03.24 02:45:33 | ---Конец пересчета координат--- |
| 20.03.24 02:45:33 | ================================ |
| 20.03.24 02:45:33 | ---Старт пересчета координат--- |
| 20.03.24 02:45:33 | Градус: 38. Пересчет: 38.0 |
| 20.03.24 02:45:33 | Минута: 38. Пересчет: 38.63333333333333 |
| 20.03.24 02:45:33 | Секунда: 40.28. Пересчет: 0.0011111111111111111 |
| 20.03.24 02:45:33 | ---Конец пересчета координат--- |
| 20.03.24 02:45:33 | ================================ |
| 20.03.24 02:45:33 | Элемент: 1, широта: 44.289325 |
| 20.03.24 02:45:33 | Элемент: 2, широта: 44.286313888888884 |
| 20.03.24 02:45:33 | Элемент: 3, широта: 44.29238055555555 |
| 20.03.24 02:45:33 | Элемент: 4, широта: 44.29526666666666 |
| 20.03.24 02:45:33 | ---Старт пересчета координат--- |
| 20.03.24 02:45:33 | Градус: 44. Пересчет: 44.0 |
| 20.03.24 02:45:33 | Минута: 17. Пересчет: 44.28333333333333 |
| 20.03.24 02:45:33 | Секунда: 7.02. Пересчет: 0.0019444444444444444 |
| 20.03.24 02:45:33 | ---Конец пересчета координат--- |
| 20.03.24 02:45:33 | ================================ |
| 20.03.24 02:45:33 | ---Старт пересчета координат--- |
| 20.03.24 02:45:33 | Градус: 38. Пересчет: 38.0 |
| 20.03.24 02:45:33 | Минута: 35. Пересчет: 38.583333333333336 |
| 20.03.24 02:45:33 | Секунда: 7.92. Пересчет: 0.0019444444444444444 |
| 20.03.24 02:45:33 | ---Конец пересчета координат--- |
| 20.03.24 02:45:33 | ================================ |
| 20.03.24 02:45:33 | ---Старт пересчета координат--- |
| 20.03.24 02:45:33 | Градус: 44. Пересчет: 44.0 |
| 20.03.24 02:45:33 | Минута: 16. Пересчет: 44.266666666666666 |
| 20.03.24 02:45:33 | Секунда: 54.42. Пересчет: 0.001388888888888889 |
| 20.03.24 02:45:33 | ---Конец пересчета координат--- |
| 20.03.24 02:45:33 | ================================ |
| 20.03.24 02:45:33 | ---Старт пересчета координат--- |
| 20.03.24 02:45:33 | Градус: 38. Пересчет: 38.0 |
| 20.03.24 02:45:33 | Минута: 35. Пересчет: 38.583333333333336 |
| 20.03.24 02:45:33 | Секунда: 28.47. Пересчет: 0.0005555555555555556 |
| 20.03.24 02:45:33 | ---Конец пересчета координат--- |
| 20.03.24 02:45:33 | ================================ |
| 20.03.24 02:45:33 | ---Старт пересчета координат--- |
| 20.03.24 02:45:33 | Градус: 44. Пересчет: 44.0 |
| 20.03.24 02:45:33 | Минута: 17. Пересчет: 44.28333333333333 |
| 20.03.24 02:45:33 | Секунда: 14.71. Пересчет: 0.0002777777777777778 |
| 20.03.24 02:45:33 | ---Конец пересчета координат--- |
| 20.03.24 02:45:33 | ================================ |
| 20.03.24 02:45:33 | ---Старт пересчета координат--- |
| 20.03.24 02:45:33 | Градус: 38. Пересчет: 38.0 |
| 20.03.24 02:45:33 | Минута: 35. Пересчет: 38.583333333333336 |
| 20.03.24 02:45:33 | Секунда: 53.5. Пересчет: 0.001388888888888889 |
| 20.03.24 02:45:33 | ---Конец пересчета координат--- |
| 20.03.24 02:45:33 | ================================ |
| 20.03.24 02:45:33 | ---Старт пересчета координат--- |
| 20.03.24 02:45:33 | Градус: 44. Пересчет: 44.0 |
| 20.03.24 02:45:33 | Минута: 17. Пересчет: 44.28333333333333 |
| 20.03.24 02:45:33 | Секунда: 27.34. Пересчет: 0.0005555555555555556 |
| 20.03.24 02:45:33 | ---Конец пересчета координат--- |
| 20.03.24 02:45:33 | ================================ |
| 20.03.24 02:45:33 | ---Старт пересчета координат--- |
| 20.03.24 02:45:33 | Градус: 38. Пересчет: 38.0 |
| 20.03.24 02:45:33 | Минута: 35. Пересчет: 38.583333333333336 |
| 20.03.24 02:45:33 | Секунда: 32.66. Пересчет: 0.0008333333333333334 |
| 20.03.24 02:45:33 | ---Конец пересчета координат--- |
| 20.03.24 02:45:33 | ================================ |
| 20.03.24 02:45:33 | Элемент: 1, широта: 44.28528333333333 |
| 20.03.24 02:45:33 | Элемент: 2, широта: 44.28178333333333 |
| 20.03.24 02:45:33 | Элемент: 3, широта: 44.287419444444446 |
| 20.03.24 02:45:33 | Элемент: 4, широта: 44.290927777777775 |
| 20.03.24 02:45:33 | ---Старт пересчета координат--- |
| 20.03.24 02:45:33 | Градус: 44. Пересчет: 44.0 |
| 20.03.24 02:45:33 | Минута: 14. Пересчет: 44.233333333333334 |
| 20.03.24 02:45:33 | Секунда: 11.67. Пересчет: 0.0002777777777777778 |
| 20.03.24 02:45:33 | ---Конец пересчета координат--- |
| 20.03.24 02:45:33 | ================================ |
| 20.03.24 02:45:33 | ---Старт пересчета координат--- |
| 20.03.24 02:45:33 | Градус: 38. Пересчет: 38.0 |
| 20.03.24 02:45:33 | Минута: 44. Пересчет: 38.733333333333334 |
| 20.03.24 02:45:33 | Секунда: 29.13. Пересчет: 0.0005555555555555556 |
| 20.03.24 02:45:33 | ---Конец пересчета координат--- |
| 20.03.24 02:45:33 | ================================ |
| 20.03.24 02:45:33 | ---Старт пересчета координат--- |
| 20.03.24 02:45:33 | Градус: 44. Пересчет: 44.0 |
| 20.03.24 02:45:33 | Минута: 13. Пересчет: 44.21666666666667 |
| 20.03.24 02:45:33 | Секунда: 58.39. Пересчет: 0.001388888888888889 |
| 20.03.24 02:45:33 | ---Конец пересчета координат--- |
| 20.03.24 02:45:33 | ================================ |
| 20.03.24 02:45:33 | ---Старт пересчета координат--- |
| 20.03.24 02:45:33 | Градус: 38. Пересчет: 38.0 |
| 20.03.24 02:45:33 | Минута: 44. Пересчет: 38.733333333333334 |
| 20.03.24 02:45:33 | Секунда: 49.06. Пересчет: 0.0011111111111111111 |
| 20.03.24 02:45:33 | ---Конец пересчета координат--- |
| 20.03.24 02:45:33 | ================================ |
| 20.03.24 02:45:33 | ---Старт пересчета координат--- |
| 20.03.24 02:45:33 | Градус: 44. Пересчет: 44.0 |
| 20.03.24 02:45:33 | Минута: 14. Пересчет: 44.233333333333334 |
| 20.03.24 02:45:33 | Секунда: 16.71. Пересчет: 0.0002777777777777778 |
| 20.03.24 02:45:33 | ---Конец пересчета координат--- |
| 20.03.24 02:45:33 | ================================ |
| 20.03.24 02:45:33 | ---Старт пересчета координат--- |
| 20.03.24 02:45:33 | Градус: 38. Пересчет: 38.0 |
| 20.03.24 02:45:33 | Минута: 45. Пересчет: 38.75 |
| 20.03.24 02:45:33 | Секунда: 16.33. Пересчет: 0.0002777777777777778 |
| 20.03.24 02:45:33 | ---Конец пересчета координат--- |
| 20.03.24 02:45:33 | ================================ |
| 20.03.24 02:45:33 | ---Старт пересчета координат--- |
| 20.03.24 02:45:33 | Градус: 44. Пересчет: 44.0 |
| 20.03.24 02:45:33 | Минута: 14. Пересчет: 44.233333333333334 |
| 20.03.24 02:45:33 | Секунда: 30.32. Пересчет: 0.0008333333333333334 |
| 20.03.24 02:45:33 | ---Конец пересчета координат--- |
| 20.03.24 02:45:33 | ================================ |
| 20.03.24 02:45:33 | ---Старт пересчета координат--- |
| 20.03.24 02:45:33 | Градус: 38. Пересчет: 38.0 |
| 20.03.24 02:45:33 | Минута: 44. Пересчет: 38.733333333333334 |
| 20.03.24 02:45:33 | Секунда: 56.63. Пересчет: 0.001388888888888889 |
| 20.03.24 02:45:33 | ---Конец пересчета координат--- |
| 20.03.24 02:45:33 | ================================ |
| 20.03.24 02:45:33 | Элемент: 1, широта: 44.236575 |
| 20.03.24 02:45:33 | Элемент: 2, широта: 44.232886111111114 |
| 20.03.24 02:45:33 | Элемент: 3, широта: 44.237975 |
| 20.03.24 02:45:33 | Элемент: 4, широта: 44.24175555555556 |
| 20.03.24 02:45:33 | ---Старт пересчета координат--- |
| 20.03.24 02:45:33 | Градус: 44. Пересчет: 44.0 |
| 20.03.24 02:45:33 | Минута: 13. Пересчет: 44.21666666666667 |
| 20.03.24 02:45:33 | Секунда: 22.67. Пересчет: 0.0005555555555555556 |
| 20.03.24 02:45:33 | ---Конец пересчета координат--- |
| 20.03.24 02:45:33 | ================================ |
| 20.03.24 02:45:33 | ---Старт пересчета координат--- |
| 20.03.24 02:45:33 | Градус: 38. Пересчет: 38.0 |
| 20.03.24 02:45:33 | Минута: 45. Пересчет: 38.75 |
| 20.03.24 02:45:33 | Секунда: 47.78. Пересчет: 0.0011111111111111111 |
| 20.03.24 02:45:33 | ---Конец пересчета координат--- |
| 20.03.24 02:45:33 | ================================ |
| 20.03.24 02:45:33 | ---Старт пересчета координат--- |
| 20.03.24 02:45:33 | Градус: 44. Пересчет: 44.0 |
| 20.03.24 02:45:33 | Минута: 13. Пересчет: 44.21666666666667 |
| 20.03.24 02:45:33 | Секунда: 9.49. Пересчет: 0.0025 |
| 20.03.24 02:45:33 | ---Конец пересчета координат--- |
| 20.03.24 02:45:33 | ================================ |
| 20.03.24 02:45:33 | ---Старт пересчета координат--- |
| 20.03.24 02:45:33 | Градус: 38. Пересчет: 38.0 |
| 20.03.24 02:45:33 | Минута: 46. Пересчет: 38.766666666666666 |
| 20.03.24 02:45:33 | Секунда: 7.87. Пересчет: 0.0019444444444444444 |
| 20.03.24 02:45:33 | ---Конец пересчета координат--- |
| 20.03.24 02:45:33 | ================================ |
| 20.03.24 02:45:33 | ---Старт пересчета координат--- |
| 20.03.24 02:45:33 | Градус: 44. Пересчет: 44.0 |
| 20.03.24 02:45:33 | Минута: 13. Пересчет: 44.21666666666667 |
| 20.03.24 02:45:33 | Секунда: 29.15. Пересчет: 0.0005555555555555556 |
| 20.03.24 02:45:33 | ---Конец пересчета координат--- |
| 20.03.24 02:45:33 | ================================ |
| 20.03.24 02:45:33 | ---Старт пересчета координат--- |
| 20.03.24 02:45:33 | Градус: 38. Пересчет: 38.0 |
| 20.03.24 02:45:33 | Минута: 46. Пересчет: 38.766666666666666 |
| 20.03.24 02:45:33 | Секунда: 33.98. Пересчет: 0.0008333333333333334 |
| 20.03.24 02:45:33 | ---Конец пересчета координат--- |
| 20.03.24 02:45:33 | ================================ |
| 20.03.24 02:45:33 | ---Старт пересчета координат--- |
| 20.03.24 02:45:33 | Градус: 44. Пересчет: 44.0 |
| 20.03.24 02:45:33 | Минута: 13. Пересчет: 44.21666666666667 |
| 20.03.24 02:45:33 | Секунда: 42.04. Пересчет: 0.0011111111111111111 |
| 20.03.24 02:45:33 | ---Конец пересчета координат--- |
| 20.03.24 02:45:33 | ================================ |
| 20.03.24 02:45:33 | ---Старт пересчета координат--- |
| 20.03.24 02:45:33 | Градус: 38. Пересчет: 38.0 |
| 20.03.24 02:45:33 | Минута: 46. Пересчет: 38.766666666666666 |
| 20.03.24 02:45:33 | Секунда: 13.82. Пересчет: 0.0002777777777777778 |
| 20.03.24 02:45:33 | ---Конец пересчета координат--- |
| 20.03.24 02:45:33 | ================================ |
| 20.03.24 02:45:33 | Элемент: 1, широта: 44.22296388888889 |
| 20.03.24 02:45:33 | Элемент: 2, широта: 44.21930277777778 |
| 20.03.24 02:45:33 | Элемент: 3, широта: 44.224763888888894 |
| 20.03.24 02:45:33 | Элемент: 4, широта: 44.228344444444446 |
| 20.03.24 02:45:33 | ---Старт пересчета координат--- |
| 20.03.24 02:45:33 | Градус: 44. Пересчет: 44.0 |
| 20.03.24 02:45:33 | Минута: 11. Пересчет: 44.18333333333333 |
| 20.03.24 02:45:33 | Секунда: 36.26. Пересчет: 0.0008333333333333334 |
| 20.03.24 02:45:33 | ---Конец пересчета координат--- |
| 20.03.24 02:45:33 | ================================ |
| 20.03.24 02:45:33 | ---Старт пересчета координат--- |
| 20.03.24 02:45:33 | Градус: 38. Пересчет: 38.0 |
| 20.03.24 02:45:33 | Минута: 49. Пересчет: 38.81666666666667 |
| 20.03.24 02:45:33 | Секунда: 18.32. Пересчет: 0.0002777777777777778 |
| 20.03.24 02:45:33 | ---Конец пересчета координат--- |
| 20.03.24 02:45:33 | ================================ |
| 20.03.24 02:45:33 | ---Старт пересчета координат--- |
| 20.03.24 02:45:33 | Градус: 44. Пересчет: 44.0 |
| 20.03.24 02:45:33 | Минута: 11. Пересчет: 44.18333333333333 |
| 20.03.24 02:45:33 | Секунда: 23.02. Пересчет: 0.0005555555555555556 |
| 20.03.24 02:45:33 | ---Конец пересчета координат--- |
| 20.03.24 02:45:33 | ================================ |
| 20.03.24 02:45:33 | ---Старт пересчета координат--- |
| 20.03.24 02:45:33 | Градус: 38. Пересчет: 38.0 |
| 20.03.24 02:45:33 | Минута: 49. Пересчет: 38.81666666666667 |
| 20.03.24 02:45:33 | Секунда: 38.25. Пересчет: 0.0008333333333333334 |
| 20.03.24 02:45:33 | ---Конец пересчета координат--- |
| 20.03.24 02:45:33 | ================================ |
| 20.03.24 02:45:33 | ---Старт пересчета координат--- |
| 20.03.24 02:45:33 | Градус: 44. Пересчет: 44.0 |
| 20.03.24 02:45:33 | Минута: 11. Пересчет: 44.18333333333333 |
| 20.03.24 02:45:33 | Секунда: 42.19. Пересчет: 0.0011111111111111111 |
| 20.03.24 02:45:33 | ---Конец пересчета координат--- |
| 20.03.24 02:45:33 | ================================ |
| 20.03.24 02:45:33 | ---Старт пересчета координат--- |
| 20.03.24 02:45:33 | Градус: 38. Пересчет: 38.0 |
| 20.03.24 02:45:33 | Минута: 50. Пересчет: 38.833333333333336 |
| 20.03.24 02:45:33 | Секунда: 5.06. Пересчет: 0.001388888888888889 |
| 20.03.24 02:45:33 | ---Конец пересчета координат--- |
| 20.03.24 02:45:33 | ================================ |
| 20.03.24 02:45:33 | ---Старт пересчета координат--- |
| 20.03.24 02:45:33 | Градус: 44. Пересчет: 44.0 |
| 20.03.24 02:45:33 | Минута: 11. Пересчет: 44.18333333333333 |
| 20.03.24 02:45:33 | Секунда: 54.98. Пересчет: 0.001388888888888889 |
| 20.03.24 02:45:33 | ---Конец пересчета координат--- |
| 20.03.24 02:45:33 | ================================ |
| 20.03.24 02:45:33 | ---Старт пересчета координат--- |
| 20.03.24 02:45:33 | Градус: 38. Пересчет: 38.0 |
| 20.03.24 02:45:33 | Минута: 49. Пересчет: 38.81666666666667 |
| 20.03.24 02:45:33 | Секунда: 45.2. Пересчет: 0.0011111111111111111 |
| 20.03.24 02:45:33 | ---Конец пересчета координат--- |
| 20.03.24 02:45:33 | ================================ |
| 20.03.24 02:45:33 | Элемент: 1, широта: 44.19340555555555 |
| 20.03.24 02:45:33 | Элемент: 2, широта: 44.189727777777776 |
| 20.03.24 02:45:33 | Элемент: 3, широта: 44.195052777777775 |
| 20.03.24 02:45:33 | Элемент: 4, широта: 44.19860555555555 |
| 20.03.24 02:45:33 | ---Старт пересчета координат--- |
| 20.03.24 02:45:33 | Градус: 44. Пересчет: 44.0 |
| 20.03.24 02:45:33 | Минута: 10. Пересчет: 44.166666666666664 |
| 20.03.24 02:45:33 | Секунда: 50.82. Пересчет: 0.001388888888888889 |
| 20.03.24 02:45:33 | ---Конец пересчета координат--- |
| 20.03.24 02:45:33 | ================================ |
| 20.03.24 02:45:33 | ---Старт пересчета координат--- |
| 20.03.24 02:45:33 | Градус: 38. Пересчет: 38.0 |
| 20.03.24 02:45:33 | Минута: 50. Пересчет: 38.833333333333336 |
| 20.03.24 02:45:33 | Секунда: 29.78. Пересчет: 0.0005555555555555556 |
| 20.03.24 02:45:33 | ---Конец пересчета координат--- |
| 20.03.24 02:45:33 | ================================ |
| 20.03.24 02:45:33 | ---Старт пересчета координат--- |
| 20.03.24 02:45:33 | Градус: 44. Пересчет: 44.0 |
| 20.03.24 02:45:33 | Минута: 10. Пересчет: 44.166666666666664 |
| 20.03.24 02:45:33 | Секунда: 37.36. Пересчет: 0.0008333333333333334 |
| 20.03.24 02:45:33 | ---Конец пересчета координат--- |
| 20.03.24 02:45:33 | ================================ |
| 20.03.24 02:45:33 | ---Старт пересчета координат--- |
| 20.03.24 02:45:33 | Градус: 38. Пересчет: 38.0 |
| 20.03.24 02:45:33 | Минута: 50. Пересчет: 38.833333333333336 |
| 20.03.24 02:45:33 | Секунда: 49.48. Пересчет: 0.0011111111111111111 |
| 20.03.24 02:45:33 | ---Конец пересчета координат--- |
| 20.03.24 02:45:33 | ================================ |
| 20.03.24 02:45:33 | ---Старт пересчета координат--- |
| 20.03.24 02:45:33 | Градус: 44. Пересчет: 44.0 |
| 20.03.24 02:45:33 | Минута: 10. Пересчет: 44.166666666666664 |
| 20.03.24 02:45:33 | Секунда: 55.92. Пересчет: 0.001388888888888889 |
| 20.03.24 02:45:33 | ---Конец пересчета координат--- |
| 20.03.24 02:45:33 | ================================ |
| 20.03.24 02:45:33 | ---Старт пересчета координат--- |
| 20.03.24 02:45:33 | Градус: 38. Пересчет: 38.0 |
| 20.03.24 02:45:33 | Минута: 51. Пересчет: 38.85 |
| 20.03.24 02:45:33 | Секунда: 17.06. Пересчет: 0.0002777777777777778 |
| 20.03.24 02:45:33 | ---Конец пересчета координат--- |
| 20.03.24 02:45:33 | ================================ |
| 20.03.24 02:45:33 | ---Старт пересчета координат--- |
| 20.03.24 02:45:33 | Градус: 44. Пересчет: 44.0 |
| 20.03.24 02:45:33 | Минута: 11. Пересчет: 44.18333333333333 |
| 20.03.24 02:45:33 | Секунда: 9.18. Пересчет: 0.0025 |
| 20.03.24 02:45:33 | ---Конец пересчета координат--- |
| 20.03.24 02:45:33 | ================================ |
| 20.03.24 02:45:33 | ---Старт пересчета координат--- |
| 20.03.24 02:45:33 | Градус: 38. Пересчет: 38.0 |
| 20.03.24 02:45:33 | Минута: 50. Пересчет: 38.833333333333336 |
| 20.03.24 02:45:33 | Секунда: 57.39. Пересчет: 0.001388888888888889 |
| 20.03.24 02:45:33 | ---Конец пересчета координат--- |
| 20.03.24 02:45:33 | ================================ |
| 20.03.24 02:45:33 | Элемент: 1, широта: 44.18078333333333 |
| 20.03.24 02:45:33 | Элемент: 2, широта: 44.17704444444444 |
| 20.03.24 02:45:33 | Элемент: 3, широта: 44.182199999999995 |
| 20.03.24 02:45:33 | Элемент: 4, широта: 44.18588333333333 |
| 20.03.24 02:45:33 | ---Старт пересчета координат--- |
| 20.03.24 02:45:33 | Градус: 44. Пересчет: 44.0 |
| 20.03.24 02:45:33 | Минута: 16. Пересчет: 44.266666666666666 |
| 20.03.24 02:45:33 | Секунда: 24. Пересчет: 0.0005555555555555556 |
| 20.03.24 02:45:33 | ---Конец пересчета координат--- |
| 20.03.24 02:45:33 | ================================ |
| 20.03.24 02:45:33 | ---Старт пересчета координат--- |
| 20.03.24 02:45:33 | Градус: 38. Пересчет: 38.0 |
| 20.03.24 02:45:33 | Минута: 39. Пересчет: 38.65 |
| 20.03.24 02:45:33 | Секунда: 10. Пересчет: 0.0002777777777777778 |
| 20.03.24 02:45:33 | ---Конец пересчета координат--- |
| 20.03.24 02:45:33 | ================================ |
| 20.03.24 02:45:33 | ---Старт пересчета координат--- |
| 20.03.24 02:45:33 | Градус: 44. Пересчет: 44.0 |
| 20.03.24 02:45:33 | Минута: 16. Пересчет: 44.266666666666666 |
| 20.03.24 02:45:33 | Секунда: 14. Пересчет: 0.0002777777777777778 |
| 20.03.24 02:45:33 | ---Конец пересчета координат--- |
| 20.03.24 02:45:33 | ================================ |
| 20.03.24 02:45:33 | ---Старт пересчета координат--- |
| 20.03.24 02:45:33 | Градус: 38. Пересчет: 38.0 |
| 20.03.24 02:45:33 | Минута: 39. Пересчет: 38.65 |
| 20.03.24 02:45:33 | Секунда: 30. Пересчет: 0.0008333333333333334 |
| 20.03.24 02:45:33 | ---Конец пересчета координат--- |
| 20.03.24 02:45:33 | ================================ |
| 20.03.24 02:45:33 | ---Старт пересчета координат--- |
| 20.03.24 02:45:33 | Градус: 44. Пересчет: 44.0 |
| 20.03.24 02:45:33 | Минута: 15. Пересчет: 44.25 |
| 20.03.24 02:45:33 | Секунда: 50. Пересчет: 0.001388888888888889 |
| 20.03.24 02:45:33 | ---Конец пересчета координат--- |
| 20.03.24 02:45:33 | ================================ |
| 20.03.24 02:45:33 | ---Старт пересчета координат--- |
| 20.03.24 02:45:33 | Градус: 38. Пересчет: 38.0 |
| 20.03.24 02:45:33 | Минута: 39. Пересчет: 38.65 |
| 20.03.24 02:45:33 | Секунда: 04. Пересчет: 0.0 |
| 20.03.24 02:45:33 | ---Конец пересчета координат--- |
| 20.03.24 02:45:33 | ================================ |
| 20.03.24 02:45:33 | ---Старт пересчета координат--- |
| 20.03.24 02:45:33 | Градус: 44. Пересчет: 44.0 |
| 20.03.24 02:45:33 | Минута: 16. Пересчет: 44.266666666666666 |
| 20.03.24 02:45:33 | Секунда: 02. Пересчет: 0.0 |
| 20.03.24 02:45:33 | ---Конец пересчета координат--- |
| 20.03.24 02:45:33 | ================================ |
| 20.03.24 02:45:33 | ---Старт пересчета координат--- |
| 20.03.24 02:45:33 | Градус: 38. Пересчет: 38.0 |
| 20.03.24 02:45:33 | Минута: 38. Пересчет: 38.63333333333333 |
| 20.03.24 02:45:33 | Секунда: 44. Пересчет: 0.0011111111111111111 |
| 20.03.24 02:45:33 | ---Конец пересчета координат--- |
| 20.03.24 02:45:33 | ================================ |
| 20.03.24 02:45:33 | Элемент: 1, широта: 44.27333333333333 |
| 20.03.24 02:45:33 | Элемент: 2, широта: 44.27055555555555 |
| 20.03.24 02:45:33 | Элемент: 3, широта: 44.263888888888886 |
| 20.03.24 02:45:33 | Элемент: 4, широта: 44.26722222222222 |
| 20.03.24 02:45:33 | =============================== |
| 20.03.24 02:45:33 | ---Конец считывания координат из файла--- |
| 20.03.24 02:45:33 | =============================== |
| 20.03.24 02:45:33 | ---Старт работы с картой--- |
| 20.03.24 02:45:33 | Метка: Уч 1. Координата 1: широта: 44.30633611111111, долгота: 38.590897222222225 |
| 20.03.24 02:45:33 | Метка: Уч 1. Координата 2: широта: 44.30354166666666, долгота: 38.59733333333334 |
| 20.03.24 02:45:33 | Метка: Уч 1. Координата 3: широта: 44.30983611111111, долгота: 38.60316944444445 |
| 20.03.24 02:45:33 | Метка: Уч 1. Координата 4: широта: 44.312599999999996, долгота: 38.596775 |
| 20.03.24 02:45:33 | Метка: Уч 2. Координата 1: широта: 44.296844444444446, долгота: 38.613641666666666 |
| 20.03.24 02:45:33 | Метка: Уч 2. Координата 2: широта: 44.29405, долгота: 38.619886111111114 |
| 20.03.24 02:45:33 | Метка: Уч 2. Координата 3: широта: 44.30019166666666, долгота: 38.62587222222222 |
| 20.03.24 02:45:33 | Метка: Уч 2. Координата 4: широта: 44.303063888888886, долгота: 38.619566666666664 |
| 20.03.24 02:45:33 | Метка: Уч 3. Координата 1: широта: 44.289325, долгота: 38.63816388888889 |
| 20.03.24 02:45:33 | Метка: Уч 3. Координата 2: широта: 44.286313888888884, долгота: 38.64458888888889 |
| 20.03.24 02:45:33 | Метка: Уч 3. Координата 3: широта: 44.29238055555555, долгота: 38.65083055555555 |
| 20.03.24 02:45:33 | Метка: Уч 3. Координата 4: широта: 44.29526666666666, долгота: 38.64452222222222 |
| 20.03.24 02:45:33 | Метка: Уч 4. Координата 1: широта: 44.28528333333333, долгота: 38.58553333333334 |
| 20.03.24 02:45:33 | Метка: Уч 4. Координата 2: широта: 44.28178333333333, долгота: 38.59124166666667 |
| 20.03.24 02:45:33 | Метка: Уч 4. Координата 3: широта: 44.287419444444446, долгота: 38.598194444444445 |
| 20.03.24 02:45:33 | Метка: Уч 4. Координата 4: широта: 44.290927777777775, долгота: 38.59240555555556 |
| 20.03.24 02:45:33 | Метка: Уч 5. Координата 1: широта: 44.236575, долгота: 38.741425 |
| 20.03.24 02:45:33 | Метка: Уч 5. Координата 2: широта: 44.232886111111114, долгота: 38.74696111111111 |
| 20.03.24 02:45:33 | Метка: Уч 5. Координата 3: широта: 44.237975, долгота: 38.75453611111111 |
| 20.03.24 02:45:33 | Метка: Уч 5. Координата 4: широта: 44.24175555555556, долгота: 38.74906388888889 |
| 20.03.24 02:45:33 | Метка: Уч 6. Координата 1: широта: 44.22296388888889, долгота: 38.76327222222222 |
| 20.03.24 02:45:33 | Метка: Уч 6. Координата 2: широта: 44.21930277777778, долгота: 38.768852777777774 |
| 20.03.24 02:45:33 | Метка: Уч 6. Координата 3: широта: 44.224763888888894, долгота: 38.77610555555555 |
| 20.03.24 02:45:33 | Метка: Уч 6. Координата 4: широта: 44.228344444444446, долгота: 38.77050555555555 |
| 20.03.24 02:45:33 | Метка: Уч 7. Координата 1: широта: 44.19340555555555, долгота: 38.82175555555556 |
| 20.03.24 02:45:33 | Метка: Уч 7. Координата 2: широта: 44.189727777777776, долгота: 38.82729166666667 |
| 20.03.24 02:45:33 | Метка: Уч 7. Координата 3: широта: 44.195052777777775, долгота: 38.83473888888889 |
| 20.03.24 02:45:33 | Метка: Уч 7. Координата 4: широта: 44.19860555555555, долгота: 38.82922222222223 |
| 20.03.24 02:45:33 | Метка: Уч 8. Координата 1: широта: 44.18078333333333, долгота: 38.84160555555556 |
| 20.03.24 02:45:33 | Метка: Уч 8. Координата 2: широта: 44.17704444444444, долгота: 38.84707777777778 |
| 20.03.24 02:45:33 | Метка: Уч 8. Координата 3: широта: 44.182199999999995, долгота: 38.85473888888889 |
| 20.03.24 02:45:33 | Метка: Уч 8. Координата 4: широта: 44.18588333333333, долгота: 38.849275000000006 |
| 20.03.24 02:45:33 | Метка: Уч 4.Замена. Координата 1: широта: 44.27333333333333, долгота: 38.65277777777778 |
| 20.03.24 02:45:33 | Метка: Уч 4.Замена. Координата 2: широта: 44.27055555555555, долгота: 38.65833333333333 |
| 20.03.24 02:45:33 | Метка: Уч 4.Замена. Координата 3: широта: 44.263888888888886, долгота: 38.651111111111106 |
| 20.03.24 02:45:33 | Метка: Уч 4.Замена. Координата 4: широта: 44.26722222222222, долгота: 38.64555555555555 |
| 20.03.24 02:45:33 | =============================== |
| 20.03.24 02:45:33 | ---Конец работы с картой--- |
| 20.03.24 02:45:33 | ================================ |
| 20.03.24 02:45:33 | Программа выполнена |
